Array
(
    [qwejijiojj1231oqwej1] => 독도만세대한민국다다비비
    [uid] => 25060614091231
    [w] => 
    [bo_table] => qna
    [wr_id] => 0
    [sca] => 
    [sfl] => 
    [stx] => 
    [spt] => 
    [sst] => 
    [sod] => 
    [page] => 
    [secret] => secret
    [start_time] => 
    [js_check] => 0
    [wr_name] => qwe
    [wr_password] => qwe
    [ca_name] => 정비
    [wr_subject] => qweqw
    [wr_1] => eqwe
    [wr_2] => qwe
    [wr_content] => qweq
    [wr_link1] => 
    [wr_link2] => 
    [g-recaptcha-response] => 03AFcWeA4rIYyIujs98_onuEI9qQAqLjZxhv_5TH199oQvb_g3BCv_gnsUSYTZrCBx8prBBYX9o0-n3KT9tCN3AJWYtyIc570UKWkbilK8iF6EkF6dLD8en8ZEWxBzwOO_rg_-38iWcHTsibLHbAaqi0G3UpKL98a9uR7VOKUSXlXhAPOUowCVDuzgAV55Zd3dkVVQJNqWAoPYxZom5g_1jsWaF5Lz5dB5jRmbU6b9p7zQDH1F6DLjscCdH0T-xQlsUGrfe75vXqL3hpR1IySRCmcMeg3eHK1LIE9s_59VvDWoHwJ6mhGBfp4C1sAjoeTSTZ3y9lfMZGOd0lXUhBYWar195MMR9tGTqd1Ep49eqKKAIzPNEvsFZ8UUzTqzXNBibJ1f5pUyth9dwKHpftt07jKuBx54rzvpbAfYUv3ZEsB7blN1tjNQHttFJyhGMZmLeULZZqDmE19h3B9OWw6batTH4Kv7S2B0lKVbWpEARAC2gbUHeRxLcoKzI9rHDEcAmOs-623Rzb_pNzhjV9-mlqST14QP0CQcTUykAglnyhF9ulQu4p4wn6hObcoonXWVRqdGC1TBmer3sCOMQ9WzDVZHim3_DxEjdoX-Dxr4wV-C2OJ0L7cGYvqgnH11Bb3fdI8uJvXIBN2YiPIsKTHzhtWILLtjwwK632TLOiCPnD0YlRWQ6MzG_8Lx7M4PRSl4PE7wefZewCDu8Oi-XT6VpOHVzghZ8xJFNMw7__cmZtFw4PHLwVoWy4DkOV4kAvNKjrBXk7zdAH-IC7dwvkqELCq5nX4YkFdUASCxW4ATrxFPsf66YL1Y6tBTPAUcR0pOrsRQxNT-lsc6P3rEZr2tJHQct3dqw4FC6xCYI8Tgd3xacQDJiftdQKYI6F9g8jcOKqkC8k0l8NV1Zu5qLoREVkStG2FinhDXKMXYmWGQsme1OKTTSYn-iNSETmfBxCEvMskVmHHxvI6D5FkKNEv17UEs2cAP7tpecoLexLjMgzD4Fzp7jGwU0UF4c5aPh7sgXRx2tfq6PFKw_52To2j6dIqDUjL98ahajxaAYlZ80GQWrzSbiWRdRbP16K8tam0aFBTHrSeQauOIf3cCyE9dImD0xwOP0xlF-ljka6aHQCNHoH95hha6wZcY5b5MRG9FlfIDUmEKEhqeUDb7_EMhlhGAoRB_q4Rnfuncc5D50eLMZeJ_8pkODU9yaEnKqwy2IUKoQoBiD3Nj5l5Yll_mRvBXizrxjdkYBc_lCuMiDodvjHB3nFUdkwz4tSkBRguAJQ6uxRGh_tSOWaW1p2lChI1CxNoXHK8sH1Sip7GTnXyoEJmD9Wyv_R8yhgFhYhrTbxmQ5dwvMD54zKMDGgDS9RkOVSATr90RfwQWK5SHNczpqjfB20edPifgLvfU8F_OKv58WKUTnhcsFwABuYL0_4zGtRcnWzi6J960y0piXMHURZ19AjuvLntrTOxmy4G__CHpQ7FEY1V1aBF9gvHOQFaiLV91jJspobGZPPs63G12hYf8vYqNzBqgqhQWRdgdul-TlAlutLsZmUaej8OX0hzLNOOQCErCwkbTm4Idh00z5XDNhw5ii2F_7NcwGc4uht7GOXNyZxZdAjBBnpxNe1Y5bWxpwClmc0tQM6G1RuOhCeJUNB5zTT1QqUn-yd7mVuMYWJjyFfykNpBlIKDqagf3JG8rIg7UkgZvEW_BL-XAZxPgXfzR071r2eionEsVzJXqDci-O6fQ_uG576R7liMfzpoGiAEGi1TNVlsdyEuD5y1QzUatnD_uXJ4u0WP22JkBuJZw7AL1N618V7qvJu0bmnS0V6Y2YlFQoLPoBB-IkF0r4mpUT_T3oMXdSiSYkgerKSrB7WiCOTuPXCmbGSCbyQ2GdRw_SrCecXsVVvr7nJShUWgt4UbY-pd29X4dWqE2JRlAebDByDm5SOuZPuSYvJj5zIGDAmmVtKKBCGJnC00BUcWBPbgTX3n2d66Nv6QeTbV5XGrfZbu5piqb9Rs55C0i-VZZQvQAU2Eyt8__3aRqWiGLYEmyMJuX0968l0qrRI0gem5e
)
